{
  "0 debug pnpm:scope": {
    "selected": 1
  },
  "1 info pnpm": {
    "err": {
      "name": "Error",
      "message": "Command failed with ENOENT: io\nspawn io ENOENT",
      "code": "ENOENT",
      "stack": "Error: Command failed with ENOENT: io\nspawn io ENOENT\n    at Process.ChildProcess._handle.onexit (node:internal/child_process:282:19)\n    at onErrorNT (node:internal/child_process:480:16)\n    at processTicksAndRejections (node:internal/process/task_queues:83:21)"
    }
  },
  "2 error pnpm": {
    "errno": -2,
    "code": "ERR_PNPM_RECURSIVE_EXEC_FIRST_FAIL",
    "syscall": "spawn io",
    "path": "io",
    "spawnargs": [],
    "originalMessage": "spawn io ENOENT",
    "shortMessage": "Command failed with ENOENT: io\nspawn io ENOENT",
    "command": "io",
    "escapedCommand": "io",
    "failed": true,
    "timedOut": false,
    "isCanceled": false,
    "killed": false,
    "prefix": "/Users/smith/Desktop/Projects/Github/MyHbarWallet",
    "err": {
      "name": "Error",
      "message": "Command failed with ENOENT: io\nspawn io ENOENT",
      "code": "ERR_PNPM_RECURSIVE_EXEC_FIRST_FAIL",
      "stack": "Error: Command failed with ENOENT: io\nspawn io ENOENT\n    at Process.ChildProcess._handle.onexit (node:internal/child_process:282:19)\n    at onErrorNT (node:internal/child_process:480:16)\n    at processTicksAndRejections (node:internal/process/task_queues:83:21)"
    }
  }
}